<?xml version="1.0" encoding="UTF-8"?>
<testsuite xmlns:xsi="http://www.w3.org/2001/XMLSchema-instance" xsi:noNamespaceSchemaLocation="https://maven.apache.org/surefire/maven-surefire-plugin/xsd/surefire-test-report.xsd" version="3.0.2" name="com.allermind.model.ModelServiceApplicationTests" time="0.943" tests="1" errors="0" skipped="0" failures="0">
  <properties>
    <property name="java.specification.version" value="21"/>
    <property name="sun.jnu.encoding" value="UTF-8"/>
    <property name="java.class.path" value="/Users/elifdy/Desktop/allermind/aller-mind/model-microservice/target/test-classes:/Users/elifdy/Desktop/allermind/aller-mind/model-microservice/target/classes:/Users/elifdy/.m2/repository/org/springframework/boot/spring-boot-starter-restclient/4.0.0-M2/spring-boot-starter-restclient-4.0.0-M2.jar:/Users/elifdy/.m2/repository/org/springframework/boot/spring-boot-starter/4.0.0-M2/spring-boot-starter-4.0.0-M2.jar:/Users/elifdy/.m2/repository/org/springframework/boot/spring-boot-starter-logging/4.0.0-M2/spring-boot-starter-logging-4.0.0-M2.jar:/Users/elifdy/.m2/repository/ch/qos/logback/logback-classic/1.5.18/logback-classic-1.5.18.jar:/Users/elifdy/.m2/repository/ch/qos/logback/logback-core/1.5.18/logback-core-1.5.18.jar:/Users/elifdy/.m2/repository/org/apache/logging/log4j/log4j-to-slf4j/2.24.3/log4j-to-slf4j-2.24.3.jar:/Users/elifdy/.m2/repository/org/apache/logging/log4j/log4j-api/2.24.3/log4j-api-2.24.3.jar:/Users/elifdy/.m2/repository/org/slf4j/jul-to-slf4j/2.0.17/jul-to-slf4j-2.0.17.jar:/Users/elifdy/.m2/repository/org/springframework/boot/spring-boot-autoconfigure/4.0.0-M2/spring-boot-autoconfigure-4.0.0-M2.jar:/Users/elifdy/.m2/repository/jakarta/annotation/jakarta.annotation-api/3.0.0/jakarta.annotation-api-3.0.0.jar:/Users/elifdy/.m2/repository/org/yaml/snakeyaml/2.4/snakeyaml-2.4.jar:/Users/elifdy/.m2/repository/org/springframework/boot/spring-boot-starter-jackson/4.0.0-M2/spring-boot-starter-jackson-4.0.0-M2.jar:/Users/elifdy/.m2/repository/org/springframework/boot/spring-boot-jackson/4.0.0-M2/spring-boot-jackson-4.0.0-M2.jar:/Users/elifdy/.m2/repository/com/fasterxml/jackson/datatype/jackson-datatype-jdk8/2.20.0-rc1/jackson-datatype-jdk8-2.20.0-rc1.jar:/Users/elifdy/.m2/repository/com/fasterxml/jackson/datatype/jackson-datatype-jsr310/2.20.0-rc1/jackson-datatype-jsr310-2.20.0-rc1.jar:/Users/elifdy/.m2/repository/com/fasterxml/jackson/module/jackson-module-parameter-names/2.20.0-rc1/jackson-module-parameter-names-2.20.0-rc1.jar:/Users/elifdy/.m2/repository/org/springframework/boot/spring-boot-restclient/4.0.0-M2/spring-boot-restclient-4.0.0-M2.jar:/Users/elifdy/.m2/repository/org/springframework/boot/spring-boot/4.0.0-M2/spring-boot-4.0.0-M2.jar:/Users/elifdy/.m2/repository/org/springframework/spring-context/7.0.0-M8/spring-context-7.0.0-M8.jar:/Users/elifdy/.m2/repository/org/springframework/boot/spring-boot-http-client/4.0.0-M2/spring-boot-http-client-4.0.0-M2.jar:/Users/elifdy/.m2/repository/org/springframework/boot/spring-boot-starter-web/4.0.0-M2/spring-boot-starter-web-4.0.0-M2.jar:/Users/elifdy/.m2/repository/org/springframework/boot/spring-boot-starter-tomcat/4.0.0-M2/spring-boot-starter-tomcat-4.0.0-M2.jar:/Users/elifdy/.m2/repository/org/springframework/boot/spring-boot-tomcat/4.0.0-M2/spring-boot-tomcat-4.0.0-M2.jar:/Users/elifdy/.m2/repository/org/springframework/boot/spring-boot-web-server/4.0.0-M2/spring-boot-web-server-4.0.0-M2.jar:/Users/elifdy/.m2/repository/org/apache/tomcat/embed/tomcat-embed-core/11.0.10/tomcat-embed-core-11.0.10.jar:/Users/elifdy/.m2/repository/org/apache/tomcat/embed/tomcat-embed-el/11.0.10/tomcat-embed-el-11.0.10.jar:/Users/elifdy/.m2/repository/org/apache/tomcat/embed/tomcat-embed-websocket/11.0.10/tomcat-embed-websocket-11.0.10.jar:/Users/elifdy/.m2/repository/org/springframework/boot/spring-boot-http-converter/4.0.0-M2/spring-boot-http-converter-4.0.0-M2.jar:/Users/elifdy/.m2/repository/org/springframework/spring-web/7.0.0-M8/spring-web-7.0.0-M8.jar:/Users/elifdy/.m2/repository/org/springframework/spring-beans/7.0.0-M8/spring-beans-7.0.0-M8.jar:/Users/elifdy/.m2/repository/io/micrometer/micrometer-observation/1.16.0-M2/micrometer-observation-1.16.0-M2.jar:/Users/elifdy/.m2/repository/io/micrometer/micrometer-commons/1.16.0-M2/micrometer-commons-1.16.0-M2.jar:/Users/elifdy/.m2/repository/org/springframework/boot/spring-boot-webmvc/4.0.0-M2/spring-boot-webmvc-4.0.0-M2.jar:/Users/elifdy/.m2/repository/org/springframework/boot/spring-boot-servlet/4.0.0-M2/spring-boot-servlet-4.0.0-M2.jar:/Users/elifdy/.m2/repository/org/springframework/spring-webmvc/7.0.0-M8/spring-webmvc-7.0.0-M8.jar:/Users/elifdy/.m2/repository/org/springframework/spring-aop/7.0.0-M8/spring-aop-7.0.0-M8.jar:/Users/elifdy/.m2/repository/org/springframework/spring-expression/7.0.0-M8/spring-expression-7.0.0-M8.jar:/Users/elifdy/.m2/repository/org/springframework/boot/spring-boot-starter-test/4.0.0-M2/spring-boot-starter-test-4.0.0-M2.jar:/Users/elifdy/.m2/repository/org/springframework/boot/spring-boot-test/4.0.0-M2/spring-boot-test-4.0.0-M2.jar:/Users/elifdy/.m2/repository/org/springframework/boot/spring-boot-restclient-test/4.0.0-M2/spring-boot-restclient-test-4.0.0-M2.jar:/Users/elifdy/.m2/repository/org/springframework/boot/spring-boot-test-autoconfigure/4.0.0-M2/spring-boot-test-autoconfigure-4.0.0-M2.jar:/Users/elifdy/.m2/repository/org/springframework/boot/spring-boot-web-server-test/4.0.0-M2/spring-boot-web-server-test-4.0.0-M2.jar:/Users/elifdy/.m2/repository/com/jayway/jsonpath/json-path/2.9.0/json-path-2.9.0.jar:/Users/elifdy/.m2/repository/org/slf4j/slf4j-api/2.0.17/slf4j-api-2.0.17.jar:/Users/elifdy/.m2/repository/jakarta/xml/bind/jakarta.xml.bind-api/4.0.2/jakarta.xml.bind-api-4.0.2.jar:/Users/elifdy/.m2/repository/jakarta/activation/jakarta.activation-api/2.1.3/jakarta.activation-api-2.1.3.jar:/Users/elifdy/.m2/repository/net/minidev/json-smart/2.6.0/json-smart-2.6.0.jar:/Users/elifdy/.m2/repository/net/minidev/accessors-smart/2.6.0/accessors-smart-2.6.0.jar:/Users/elifdy/.m2/repository/org/ow2/asm/asm/9.7.1/asm-9.7.1.jar:/Users/elifdy/.m2/repository/org/assertj/assertj-core/3.27.4/assertj-core-3.27.4.jar:/Users/elifdy/.m2/repository/net/bytebuddy/byte-buddy/1.17.7/byte-buddy-1.17.7.jar:/Users/elifdy/.m2/repository/org/awaitility/awaitility/4.3.0/awaitility-4.3.0.jar:/Users/elifdy/.m2/repository/org/hamcrest/hamcrest/3.0/hamcrest-3.0.jar:/Users/elifdy/.m2/repository/org/junit/jupiter/junit-jupiter/5.13.4/junit-jupiter-5.13.4.jar:/Users/elifdy/.m2/repository/org/junit/jupiter/junit-jupiter-api/5.13.4/junit-jupiter-api-5.13.4.jar:/Users/elifdy/.m2/repository/org/opentest4j/opentest4j/1.3.0/opentest4j-1.3.0.jar:/Users/elifdy/.m2/repository/org/junit/platform/junit-platform-commons/1.13.4/junit-platform-commons-1.13.4.jar:/Users/elifdy/.m2/repository/org/apiguardian/apiguardian-api/1.1.2/apiguardian-api-1.1.2.jar:/Users/elifdy/.m2/repository/org/junit/jupiter/junit-jupiter-params/5.13.4/junit-jupiter-params-5.13.4.jar:/Users/elifdy/.m2/repository/org/junit/jupiter/junit-jupiter-engine/5.13.4/junit-jupiter-engine-5.13.4.jar:/Users/elifdy/.m2/repository/org/junit/platform/junit-platform-engine/1.13.4/junit-platform-engine-1.13.4.jar:/Users/elifdy/.m2/repository/org/mockito/mockito-core/5.19.0/mockito-core-5.19.0.jar:/Users/elifdy/.m2/repository/net/bytebuddy/byte-buddy-agent/1.17.7/byte-buddy-agent-1.17.7.jar:/Users/elifdy/.m2/repository/org/objenesis/objenesis/3.3/objenesis-3.3.jar:/Users/elifdy/.m2/repository/org/mockito/mockito-junit-jupiter/5.19.0/mockito-junit-jupiter-5.19.0.jar:/Users/elifdy/.m2/repository/org/skyscreamer/jsonassert/1.5.3/jsonassert-1.5.3.jar:/Users/elifdy/.m2/repository/com/vaadin/external/google/android-json/0.0.20131108.vaadin1/android-json-0.0.20131108.vaadin1.jar:/Users/elifdy/.m2/repository/org/springframework/spring-core/7.0.0-M8/spring-core-7.0.0-M8.jar:/Users/elifdy/.m2/repository/commons-logging/commons-logging/1.3.5/commons-logging-1.3.5.jar:/Users/elifdy/.m2/repository/org/jspecify/jspecify/1.0.0/jspecify-1.0.0.jar:/Users/elifdy/.m2/repository/org/springframework/spring-test/7.0.0-M8/spring-test-7.0.0-M8.jar:/Users/elifdy/.m2/repository/org/xmlunit/xmlunit-core/2.10.3/xmlunit-core-2.10.3.jar:/Users/elifdy/.m2/repository/org/projectlombok/lombok/1.18.38/lombok-1.18.38.jar:/Users/elifdy/.m2/repository/com/fasterxml/jackson/core/jackson-databind/2.20.0-rc1/jackson-databind-2.20.0-rc1.jar:/Users/elifdy/.m2/repository/com/fasterxml/jackson/core/jackson-annotations/2.20-rc1/jackson-annotations-2.20-rc1.jar:/Users/elifdy/.m2/repository/com/fasterxml/jackson/core/jackson-core/2.20.0-rc1/jackson-core-2.20.0-rc1.jar:/Users/elifdy/.m2/repository/org/springframework/boot/spring-boot-starter-validation/4.0.0-M2/spring-boot-starter-validation-4.0.0-M2.jar:/Users/elifdy/.m2/repository/org/springframework/boot/spring-boot-validation/4.0.0-M2/spring-boot-validation-4.0.0-M2.jar:/Users/elifdy/.m2/repository/org/hibernate/validator/hibernate-validator/9.0.1.Final/hibernate-validator-9.0.1.Final.jar:/Users/elifdy/.m2/repository/jakarta/validation/jakarta.validation-api/3.1.1/jakarta.validation-api-3.1.1.jar:/Users/elifdy/.m2/repository/org/jboss/logging/jboss-logging/3.6.1.Final/jboss-logging-3.6.1.Final.jar:/Users/elifdy/.m2/repository/com/fasterxml/classmate/1.7.0/classmate-1.7.0.jar:"/>
    <property name="java.vm.vendor" value="Oracle Corporation"/>
    <property name="sun.arch.data.model" value="64"/>
    <property name="java.vendor.url" value="https://java.oracle.com/"/>
    <property name="user.timezone" value="Europe/Istanbul"/>
    <property name="org.jboss.logging.provider" value="slf4j"/>
    <property name="os.name" value="Mac OS X"/>
    <property name="java.vm.specification.version" value="21"/>
    <property name="APPLICATION_NAME" value="model-service"/>
    <property name="sun.java.launcher" value="SUN_STANDARD"/>
    <property name="user.country" value="GB"/>
    <property name="sun.boot.library.path" value="/Library/Java/JavaVirtualMachines/jdk-21.jdk/Contents/Home/lib"/>
    <property name="sun.java.command" value="/Users/elifdy/Desktop/allermind/aller-mind/model-microservice/target/surefire/surefirebooter-20250912000715456_3.jar /Users/elifdy/Desktop/allermind/aller-mind/model-microservice/target/surefire 2025-09-12T00-07-15_420-jvmRun1 surefire-20250912000715456_1tmp surefire_0-20250912000715456_2tmp"/>
    <property name="http.nonProxyHosts" value="local|*.local|169.254/16|*.169.254/16"/>
    <property name="jdk.debug" value="release"/>
    <property name="surefire.test.class.path" value="/Users/elifdy/Desktop/allermind/aller-mind/model-microservice/target/test-classes:/Users/elifdy/Desktop/allermind/aller-mind/model-microservice/target/classes:/Users/elifdy/.m2/repository/org/springframework/boot/spring-boot-starter-restclient/4.0.0-M2/spring-boot-starter-restclient-4.0.0-M2.jar:/Users/elifdy/.m2/repository/org/springframework/boot/spring-boot-starter/4.0.0-M2/spring-boot-starter-4.0.0-M2.jar:/Users/elifdy/.m2/repository/org/springframework/boot/spring-boot-starter-logging/4.0.0-M2/spring-boot-starter-logging-4.0.0-M2.jar:/Users/elifdy/.m2/repository/ch/qos/logback/logback-classic/1.5.18/logback-classic-1.5.18.jar:/Users/elifdy/.m2/repository/ch/qos/logback/logback-core/1.5.18/logback-core-1.5.18.jar:/Users/elifdy/.m2/repository/org/apache/logging/log4j/log4j-to-slf4j/2.24.3/log4j-to-slf4j-2.24.3.jar:/Users/elifdy/.m2/repository/org/apache/logging/log4j/log4j-api/2.24.3/log4j-api-2.24.3.jar:/Users/elifdy/.m2/repository/org/slf4j/jul-to-slf4j/2.0.17/jul-to-slf4j-2.0.17.jar:/Users/elifdy/.m2/repository/org/springframework/boot/spring-boot-autoconfigure/4.0.0-M2/spring-boot-autoconfigure-4.0.0-M2.jar:/Users/elifdy/.m2/repository/jakarta/annotation/jakarta.annotation-api/3.0.0/jakarta.annotation-api-3.0.0.jar:/Users/elifdy/.m2/repository/org/yaml/snakeyaml/2.4/snakeyaml-2.4.jar:/Users/elifdy/.m2/repository/org/springframework/boot/spring-boot-starter-jackson/4.0.0-M2/spring-boot-starter-jackson-4.0.0-M2.jar:/Users/elifdy/.m2/repository/org/springframework/boot/spring-boot-jackson/4.0.0-M2/spring-boot-jackson-4.0.0-M2.jar:/Users/elifdy/.m2/repository/com/fasterxml/jackson/datatype/jackson-datatype-jdk8/2.20.0-rc1/jackson-datatype-jdk8-2.20.0-rc1.jar:/Users/elifdy/.m2/repository/com/fasterxml/jackson/datatype/jackson-datatype-jsr310/2.20.0-rc1/jackson-datatype-jsr310-2.20.0-rc1.jar:/Users/elifdy/.m2/repository/com/fasterxml/jackson/module/jackson-module-parameter-names/2.20.0-rc1/jackson-module-parameter-names-2.20.0-rc1.jar:/Users/elifdy/.m2/repository/org/springframework/boot/spring-boot-restclient/4.0.0-M2/spring-boot-restclient-4.0.0-M2.jar:/Users/elifdy/.m2/repository/org/springframework/boot/spring-boot/4.0.0-M2/spring-boot-4.0.0-M2.jar:/Users/elifdy/.m2/repository/org/springframework/spring-context/7.0.0-M8/spring-context-7.0.0-M8.jar:/Users/elifdy/.m2/repository/org/springframework/boot/spring-boot-http-client/4.0.0-M2/spring-boot-http-client-4.0.0-M2.jar:/Users/elifdy/.m2/repository/org/springframework/boot/spring-boot-starter-web/4.0.0-M2/spring-boot-starter-web-4.0.0-M2.jar:/Users/elifdy/.m2/repository/org/springframework/boot/spring-boot-starter-tomcat/4.0.0-M2/spring-boot-starter-tomcat-4.0.0-M2.jar:/Users/elifdy/.m2/repository/org/springframework/boot/spring-boot-tomcat/4.0.0-M2/spring-boot-tomcat-4.0.0-M2.jar:/Users/elifdy/.m2/repository/org/springframework/boot/spring-boot-web-server/4.0.0-M2/spring-boot-web-server-4.0.0-M2.jar:/Users/elifdy/.m2/repository/org/apache/tomcat/embed/tomcat-embed-core/11.0.10/tomcat-embed-core-11.0.10.jar:/Users/elifdy/.m2/repository/org/apache/tomcat/embed/tomcat-embed-el/11.0.10/tomcat-embed-el-11.0.10.jar:/Users/elifdy/.m2/repository/org/apache/tomcat/embed/tomcat-embed-websocket/11.0.10/tomcat-embed-websocket-11.0.10.jar:/Users/elifdy/.m2/repository/org/springframework/boot/spring-boot-http-converter/4.0.0-M2/spring-boot-http-converter-4.0.0-M2.jar:/Users/elifdy/.m2/repository/org/springframework/spring-web/7.0.0-M8/spring-web-7.0.0-M8.jar:/Users/elifdy/.m2/repository/org/springframework/spring-beans/7.0.0-M8/spring-beans-7.0.0-M8.jar:/Users/elifdy/.m2/repository/io/micrometer/micrometer-observation/1.16.0-M2/micrometer-observation-1.16.0-M2.jar:/Users/elifdy/.m2/repository/io/micrometer/micrometer-commons/1.16.0-M2/micrometer-commons-1.16.0-M2.jar:/Users/elifdy/.m2/repository/org/springframework/boot/spring-boot-webmvc/4.0.0-M2/spring-boot-webmvc-4.0.0-M2.jar:/Users/elifdy/.m2/repository/org/springframework/boot/spring-boot-servlet/4.0.0-M2/spring-boot-servlet-4.0.0-M2.jar:/Users/elifdy/.m2/repository/org/springframework/spring-webmvc/7.0.0-M8/spring-webmvc-7.0.0-M8.jar:/Users/elifdy/.m2/repository/org/springframework/spring-aop/7.0.0-M8/spring-aop-7.0.0-M8.jar:/Users/elifdy/.m2/repository/org/springframework/spring-expression/7.0.0-M8/spring-expression-7.0.0-M8.jar:/Users/elifdy/.m2/repository/org/springframework/boot/spring-boot-starter-test/4.0.0-M2/spring-boot-starter-test-4.0.0-M2.jar:/Users/elifdy/.m2/repository/org/springframework/boot/spring-boot-test/4.0.0-M2/spring-boot-test-4.0.0-M2.jar:/Users/elifdy/.m2/repository/org/springframework/boot/spring-boot-restclient-test/4.0.0-M2/spring-boot-restclient-test-4.0.0-M2.jar:/Users/elifdy/.m2/repository/org/springframework/boot/spring-boot-test-autoconfigure/4.0.0-M2/spring-boot-test-autoconfigure-4.0.0-M2.jar:/Users/elifdy/.m2/repository/org/springframework/boot/spring-boot-web-server-test/4.0.0-M2/spring-boot-web-server-test-4.0.0-M2.jar:/Users/elifdy/.m2/repository/com/jayway/jsonpath/json-path/2.9.0/json-path-2.9.0.jar:/Users/elifdy/.m2/repository/org/slf4j/slf4j-api/2.0.17/slf4j-api-2.0.17.jar:/Users/elifdy/.m2/repository/jakarta/xml/bind/jakarta.xml.bind-api/4.0.2/jakarta.xml.bind-api-4.0.2.jar:/Users/elifdy/.m2/repository/jakarta/activation/jakarta.activation-api/2.1.3/jakarta.activation-api-2.1.3.jar:/Users/elifdy/.m2/repository/net/minidev/json-smart/2.6.0/json-smart-2.6.0.jar:/Users/elifdy/.m2/repository/net/minidev/accessors-smart/2.6.0/accessors-smart-2.6.0.jar:/Users/elifdy/.m2/repository/org/ow2/asm/asm/9.7.1/asm-9.7.1.jar:/Users/elifdy/.m2/repository/org/assertj/assertj-core/3.27.4/assertj-core-3.27.4.jar:/Users/elifdy/.m2/repository/net/bytebuddy/byte-buddy/1.17.7/byte-buddy-1.17.7.jar:/Users/elifdy/.m2/repository/org/awaitility/awaitility/4.3.0/awaitility-4.3.0.jar:/Users/elifdy/.m2/repository/org/hamcrest/hamcrest/3.0/hamcrest-3.0.jar:/Users/elifdy/.m2/repository/org/junit/jupiter/junit-jupiter/5.13.4/junit-jupiter-5.13.4.jar:/Users/elifdy/.m2/repository/org/junit/jupiter/junit-jupiter-api/5.13.4/junit-jupiter-api-5.13.4.jar:/Users/elifdy/.m2/repository/org/opentest4j/opentest4j/1.3.0/opentest4j-1.3.0.jar:/Users/elifdy/.m2/repository/org/junit/platform/junit-platform-commons/1.13.4/junit-platform-commons-1.13.4.jar:/Users/elifdy/.m2/repository/org/apiguardian/apiguardian-api/1.1.2/apiguardian-api-1.1.2.jar:/Users/elifdy/.m2/repository/org/junit/jupiter/junit-jupiter-params/5.13.4/junit-jupiter-params-5.13.4.jar:/Users/elifdy/.m2/repository/org/junit/jupiter/junit-jupiter-engine/5.13.4/junit-jupiter-engine-5.13.4.jar:/Users/elifdy/.m2/repository/org/junit/platform/junit-platform-engine/1.13.4/junit-platform-engine-1.13.4.jar:/Users/elifdy/.m2/repository/org/mockito/mockito-core/5.19.0/mockito-core-5.19.0.jar:/Users/elifdy/.m2/repository/net/bytebuddy/byte-buddy-agent/1.17.7/byte-buddy-agent-1.17.7.jar:/Users/elifdy/.m2/repository/org/objenesis/objenesis/3.3/objenesis-3.3.jar:/Users/elifdy/.m2/repository/org/mockito/mockito-junit-jupiter/5.19.0/mockito-junit-jupiter-5.19.0.jar:/Users/elifdy/.m2/repository/org/skyscreamer/jsonassert/1.5.3/jsonassert-1.5.3.jar:/Users/elifdy/.m2/repository/com/vaadin/external/google/android-json/0.0.20131108.vaadin1/android-json-0.0.20131108.vaadin1.jar:/Users/elifdy/.m2/repository/org/springframework/spring-core/7.0.0-M8/spring-core-7.0.0-M8.jar:/Users/elifdy/.m2/repository/commons-logging/commons-logging/1.3.5/commons-logging-1.3.5.jar:/Users/elifdy/.m2/repository/org/jspecify/jspecify/1.0.0/jspecify-1.0.0.jar:/Users/elifdy/.m2/repository/org/springframework/spring-test/7.0.0-M8/spring-test-7.0.0-M8.jar:/Users/elifdy/.m2/repository/org/xmlunit/xmlunit-core/2.10.3/xmlunit-core-2.10.3.jar:/Users/elifdy/.m2/repository/org/projectlombok/lombok/1.18.38/lombok-1.18.38.jar:/Users/elifdy/.m2/repository/com/fasterxml/jackson/core/jackson-databind/2.20.0-rc1/jackson-databind-2.20.0-rc1.jar:/Users/elifdy/.m2/repository/com/fasterxml/jackson/core/jackson-annotations/2.20-rc1/jackson-annotations-2.20-rc1.jar:/Users/elifdy/.m2/repository/com/fasterxml/jackson/core/jackson-core/2.20.0-rc1/jackson-core-2.20.0-rc1.jar:/Users/elifdy/.m2/repository/org/springframework/boot/spring-boot-starter-validation/4.0.0-M2/spring-boot-starter-validation-4.0.0-M2.jar:/Users/elifdy/.m2/repository/org/springframework/boot/spring-boot-validation/4.0.0-M2/spring-boot-validation-4.0.0-M2.jar:/Users/elifdy/.m2/repository/org/hibernate/validator/hibernate-validator/9.0.1.Final/hibernate-validator-9.0.1.Final.jar:/Users/elifdy/.m2/repository/jakarta/validation/jakarta.validation-api/3.1.1/jakarta.validation-api-3.1.1.jar:/Users/elifdy/.m2/repository/org/jboss/logging/jboss-logging/3.6.1.Final/jboss-logging-3.6.1.Final.jar:/Users/elifdy/.m2/repository/com/fasterxml/classmate/1.7.0/classmate-1.7.0.jar:"/>
    <property name="sun.cpu.endian" value="little"/>
    <property name="user.home" value="/Users/elifdy"/>
    <property name="user.language" value="en"/>
    <property name="java.specification.vendor" value="Oracle Corporation"/>
    <property name="java.version.date" value="2024-07-16"/>
    <property name="java.home" value="/Library/Java/JavaVirtualMachines/jdk-21.jdk/Contents/Home"/>
    <property name="file.separator" value="/"/>
    <property name="basedir" value="/Users/elifdy/Desktop/allermind/aller-mind/model-microservice"/>
    <property name="java.vm.compressedOopsMode" value="Zero based"/>
    <property name="line.separator" value="&#10;"/>
    <property name="java.vm.specification.vendor" value="Oracle Corporation"/>
    <property name="java.specification.name" value="Java Platform API Specification"/>
    <property name="FILE_LOG_CHARSET" value="UTF-8"/>
    <property name="java.awt.headless" value="true"/>
    <property name="apple.awt.application.name" value="ForkedBooter"/>
    <property name="surefire.real.class.path" value="/Users/elifdy/Desktop/allermind/aller-mind/model-microservice/target/surefire/surefirebooter-20250912000715456_3.jar"/>
    <property name="sun.management.compiler" value="HotSpot 64-Bit Tiered Compilers"/>
    <property name="ftp.nonProxyHosts" value="local|*.local|169.254/16|*.169.254/16"/>
    <property name="java.runtime.version" value="21.0.4+8-LTS-274"/>
    <property name="java.net.preferIPv4Stack" value="true"/>
    <property name="user.name" value="elifdy"/>
    <property name="stdout.encoding" value="UTF-8"/>
    <property name="path.separator" value=":"/>
    <property name="os.version" value="15.6.1"/>
    <property name="java.runtime.name" value="Java(TM) SE Runtime Environment"/>
    <property name="file.encoding" value="UTF-8"/>
    <property name="java.vm.name" value="Java HotSpot(TM) 64-Bit Server VM"/>
    <property name="localRepository" value="/Users/elifdy/.m2/repository"/>
    <property name="java.vendor.url.bug" value="https://bugreport.java.com/bugreport/"/>
    <property name="java.io.tmpdir" value="/var/folders/js/cdwgx9vj0pxfwkx_3pdxqgc80000gn/T/"/>
    <property name="java.version" value="21.0.4"/>
    <property name="user.dir" value="/Users/elifdy/Desktop/allermind/aller-mind/model-microservice"/>
    <property name="os.arch" value="aarch64"/>
    <property name="java.vm.specification.name" value="Java Virtual Machine Specification"/>
    <property name="PID" value="33151"/>
    <property name="CONSOLE_LOG_CHARSET" value="UTF-8"/>
    <property name="native.encoding" value="UTF-8"/>
    <property name="java.library.path" value="/Users/elifdy/Library/Java/Extensions:/Library/Java/Extensions:/Network/Library/Java/Extensions:/System/Library/Java/Extensions:/usr/lib/java:."/>
    <property name="java.vm.info" value="mixed mode, sharing"/>
    <property name="stderr.encoding" value="UTF-8"/>
    <property name="java.vendor" value="Oracle Corporation"/>
    <property name="java.vm.version" value="21.0.4+8-LTS-274"/>
    <property name="sun.io.unicode.encoding" value="UnicodeBig"/>
    <property name="socksNonProxyHosts" value="local|*.local|169.254/16|*.169.254/16"/>
    <property name="java.class.version" value="65.0"/>
    <property name="LOGGED_APPLICATION_NAME" value="[model-service] "/>
  </properties>
  <testcase name="contextLoads" classname="com.allermind.model.ModelServiceApplicationTests" time="0.316">
    <system-out><![CDATA[00:07:15.785 [main] INFO org.springframework.test.context.support.AnnotationConfigContextLoaderUtils -- Could not detect default configuration classes for test class [com.allermind.model.ModelServiceApplicationTests]: ModelServiceApplicationTests does not declare any static, non-private, non-final, nested classes annotated with @Configuration.
00:07:15.827 [main] INFO org.springframework.boot.test.context.SpringBootTestContextBootstrapper -- Found @SpringBootConfiguration com.allermind.model.ModelServiceApplication for test class com.allermind.model.ModelServiceApplicationTests

  .   ____          _            __ _ _
 /\\ / ___'_ __ _ _(_)_ __  __ _ \ \ \ \
( ( )\___ | '_ | '_| | '_ \/ _` | \ \ \ \
 \\/  ___)| |_)| | | | | || (_| |  ) ) ) )
  '  |____| .__|_| |_|_| |_\__, | / / / /
 =========|_|==============|___/=/_/_/_/

 :: Spring Boot ::             (v4.0.0-M2)

2025-09-12T00:07:15.960+03:00  INFO 33151 --- [model-service] [           main] c.a.model.ModelServiceApplicationTests   : Starting ModelServiceApplicationTests using Java 21.0.4 with PID 33151 (started by elifdy in /Users/elifdy/Desktop/allermind/aller-mind/model-microservice)
2025-09-12T00:07:15.961+03:00  INFO 33151 --- [model-service] [           main] c.a.model.ModelServiceApplicationTests   : No active profile set, falling back to 1 default profile: "default"
2025-09-12T00:07:16.344+03:00  INFO 33151 --- [model-service] [           main] c.a.model.ModelServiceApplicationTests   : Started ModelServiceApplicationTests in 0.477 seconds (process running for 0.841)
]]></system-out>
    <system-err><![CDATA[Mockito is currently self-attaching to enable the inline-mock-maker. This will no longer work in future releases of the JDK. Please add Mockito as an agent to your build as described in Mockito's documentation: https://javadoc.io/doc/org.mockito/mockito-core/latest/org.mockito/org/mockito/Mockito.html#0.3
WARNING: A Java agent has been loaded dynamically (/Users/elifdy/.m2/repository/net/bytebuddy/byte-buddy-agent/1.17.7/byte-buddy-agent-1.17.7.jar)
WARNING: If a serviceability tool is in use, please run with -XX:+EnableDynamicAgentLoading to hide this warning
WARNING: If a serviceability tool is not in use, please run with -Djdk.instrument.traceUsage for more information
WARNING: Dynamic loading of agents will be disallowed by default in a future release
]]></system-err>
  </testcase>
</testsuite>